-encoding
UTF-8
-outxml
-source
1.6
-target
1.6
-classpath
/home/stepan/.m2/repository/antlr/antlr/2.7.6/antlr-2.7.6.jar:/home/stepan/.m2/repository/aopalliance/aopalliance/1.0/aopalliance-1.0.jar:/home/stepan/.m2/repository/cglib/cglib-nodep/2.2/cglib-nodep-2.2.jar:/home/stepan/.m2/repository/cglib/cglib-nodep/2.2/cglib-nodep-2.2.jar:/home/stepan/.m2/repository/com/cedarsoftware/json-io/2.5.2/json-io-2.5.2.jar:/home/stepan/.m2/repository/com/google/api-client/google-api-client/1.18.0-rc/google-api-client-1.18.0-rc.jar:/home/stepan/.m2/repository/com/google/apis/google-api-services-calendar/v3-rev77-1.18.0-rc/google-api-services-calendar-v3-rev77-1.18.0-rc.jar:/home/stepan/.m2/repository/com/google/apis/google-api-services-oauth2/v2-rev66-1.17.0-rc/google-api-services-oauth2-v2-rev66-1.17.0-rc.jar:/home/stepan/.m2/repository/com/google/apis/google-api-services-plus/v1-rev121-1.18.0-rc/google-api-services-plus-v1-rev121-1.18.0-rc.jar:/home/stepan/.m2/repository/com/google/code/findbugs/jsr305/1.3.9/jsr305-1.3.9.jar:/home/stepan/.m2/repository/com/google/http-client/google-http-client/1.18.0-rc/google-http-client-1.18.0-rc.jar:/home/stepan/.m2/repository/com/google/http-client/google-http-client-jackson/1.18.0-rc/google-http-client-jackson-1.18.0-rc.jar:/home/stepan/.m2/repository/com/google/http-client/google-http-client-jdo/1.18.0-rc/google-http-client-jdo-1.18.0-rc.jar:/home/stepan/.m2/repository/com/google/oauth-client/google-oauth-client/1.18.0-rc/google-oauth-client-1.18.0-rc.jar:/home/stepan/.m2/repository/commons-beanutils/commons-beanutils/1.8.0/commons-beanutils-1.8.0.jar:/home/stepan/.m2/repository/commons-codec/commons-codec/1.4/commons-codec-1.4.jar:/home/stepan/.m2/repository/commons-codec/commons-codec/1.4/commons-codec-1.4.jar:/home/stepan/.m2/repository/commons-collections/commons-collections/3.1/commons-collections-3.1.jar:/home/stepan/.m2/repository/commons-dbcp/commons-dbcp/1.3/commons-dbcp-1.3.jar:/home/stepan/.m2/repository/commons-dbcp/commons-dbcp/1.3/commons-dbcp-1.3.jar:/home/stepan/.m2/repository/commons-digester/commons-digester/2.0/commons-digester-2.0.jar:/home/stepan/.m2/repository/commons-digester/commons-digester/2.0/commons-digester-2.0.jar:/home/stepan/.m2/repository/commons-fileupload/commons-fileupload/1.2.1/commons-fileupload-1.2.1.jar:/home/stepan/.m2/repository/commons-fileupload/commons-fileupload/1.2.1/commons-fileupload-1.2.1.jar:/home/stepan/.m2/repository/commons-logging/commons-logging/1.1.1/commons-logging-1.1.1.jar:/home/stepan/.m2/repository/commons-pool/commons-pool/1.5.4/commons-pool-1.5.4.jar:/home/stepan/.m2/repository/commons-pool/commons-pool/1.5.4/commons-pool-1.5.4.jar:/home/stepan/.m2/repository/dom4j/dom4j/1.6.1/dom4j-1.6.1.jar:/home/stepan/.m2/repository/javassist/javassist/3.12.0.GA/javassist-3.12.0.GA.jar:/home/stepan/.m2/repository/javax/el/el-api/1.0/el-api-1.0.jar:/home/stepan/.m2/repository/javax/el/el-api/1.0/el-api-1.0.jar:/home/stepan/.m2/repository/javax/jdo/jdo2-api/2.3-eb/jdo2-api-2.3-eb.jar:/home/stepan/.m2/repository/javax/servlet/servlet-api/2.5/servlet-api-2.5.jar:/home/stepan/.m2/repository/javax/servlet/jsp/jsp-api/2.1/jsp-api-2.1.jar:/home/stepan/.m2/repository/javax/servlet/jsp/jsp-api/2.1/jsp-api-2.1.jar:/home/stepan/.m2/repository/javax/servlet/jsp/jstl/jstl-api/1.2/jstl-api-1.2.jar:/home/stepan/.m2/repository/javax/servlet/jsp/jstl/jstl-api/1.2/jstl-api-1.2.jar:/home/stepan/.m2/repository/javax/transaction/jta/1.1/jta-1.1.jar:/home/stepan/.m2/repository/javax/transaction/jta/1.1/jta-1.1.jar:/home/stepan/.m2/repository/javax/transaction/transaction-api/1.1/transaction-api-1.1.jar:/home/stepan/.m2/repository/javax/validation/validation-api/1.0.0.GA/validation-api-1.0.0.GA.jar:/home/stepan/.m2/repository/javax/validation/validation-api/1.0.0.GA/validation-api-1.0.0.GA.jar:/home/stepan/.m2/repository/joda-time/joda-time/1.6/joda-time-1.6.jar:/home/stepan/.m2/repository/junit/junit/4.8.2/junit-4.8.2.jar:/home/stepan/.m2/repository/log4j/log4j/1.2.16/log4j-1.2.16.jar:/home/stepan/.m2/repository/net/sf/flexjson/flexjson/2.1/flexjson-2.1.jar:/home/stepan/.m2/repository/org/apache/commons/commons-lang3/3.2.1/commons-lang3-3.2.1.jar:/home/stepan/.m2/repository/org/apache/httpcomponents/httpclient/4.0.1/httpclient-4.0.1.jar:/home/stepan/.m2/repository/org/apache/httpcomponents/httpcore/4.0.1/httpcore-4.0.1.jar:/home/stepan/.m2/repository/org/apache/tiles/tiles-api/2.2.1/tiles-api-2.2.1.jar:/home/stepan/.m2/repository/org/apache/tiles/tiles-core/2.2.1/tiles-core-2.2.1.jar:/home/stepan/.m2/repository/org/apache/tiles/tiles-core/2.2.1/tiles-core-2.2.1.jar:/home/stepan/.m2/repository/org/apache/tiles/tiles-jsp/2.2.1/tiles-jsp-2.2.1.jar:/home/stepan/.m2/repository/org/apache/tiles/tiles-servlet/2.2.1/tiles-servlet-2.2.1.jar:/home/stepan/.m2/repository/org/apache/tiles/tiles-template/2.2.1/tiles-template-2.2.1.jar:/home/stepan/.m2/repository/org/aspectj/aspectjrt/1.6.11/aspectjrt-1.6.11.jar:/home/stepan/.m2/repository/org/aspectj/aspectjweaver/1.6.11/aspectjweaver-1.6.11.jar:/home/stepan/.m2/repository/org/codehaus/jackson/jackson-core-asl/1.9.11/jackson-core-asl-1.9.11.jar:/home/stepan/.m2/repository/org/glassfish/web/jstl-impl/1.2/jstl-impl-1.2.jar:/home/stepan/.m2/repository/org/glassfish/web/jstl-impl/1.2/jstl-impl-1.2.jar:/home/stepan/.m2/repository/org/hibernate/hibernate-commons-annotations/3.2.0.Final/hibernate-commons-annotations-3.2.0.Final.jar:/home/stepan/.m2/repository/org/hibernate/hibernate-core/3.6.4.Final/hibernate-core-3.6.4.Final.jar:/home/stepan/.m2/repository/org/hibernate/hibernate-core/3.6.4.Final/hibernate-core-3.6.4.Final.jar:/home/stepan/.m2/repository/org/hibernate/hibernate-entitymanager/3.6.4.Final/hibernate-entitymanager-3.6.4.Final.jar:/home/stepan/.m2/repository/org/hibernate/hibernate-entitymanager/3.6.4.Final/hibernate-entitymanager-3.6.4.Final.jar:/home/stepan/.m2/repository/org/hibernate/hibernate-validator/4.1.0.Final/hibernate-validator-4.1.0.Final.jar:/home/stepan/.m2/repository/org/hibernate/hibernate-validator/4.1.0.Final/hibernate-validator-4.1.0.Final.jar:/home/stepan/.m2/repository/org/hibernate/javax/persistence/hibernate-jpa-2.0-api/1.0.0.Final/hibernate-jpa-2.0-api-1.0.0.Final.jar:/home/stepan/.m2/repository/org/hibernate/javax/persistence/hibernate-jpa-2.0-api/1.0.0.Final/hibernate-jpa-2.0-api-1.0.0.Final.jar:/home/stepan/.m2/repository/org/slf4j/jcl-over-slf4j/1.6.1/jcl-over-slf4j-1.6.1.jar:/home/stepan/.m2/repository/org/slf4j/slf4j-api/1.6.1/slf4j-api-1.6.1.jar:/home/stepan/.m2/repository/org/slf4j/slf4j-log4j12/1.6.1/slf4j-log4j12-1.6.1.jar:/home/stepan/.m2/repository/org/springframework/spring-aop/4.0.0.RELEASE/spring-aop-4.0.0.RELEASE.jar:/home/stepan/.m2/repository/org/springframework/spring-aspects/4.0.0.RELEASE/spring-aspects-4.0.0.RELEASE.jar:/home/stepan/.m2/repository/org/springframework/spring-beans/4.0.0.RELEASE/spring-beans-4.0.0.RELEASE.jar:/home/stepan/.m2/repository/org/springframework/spring-context/4.0.0.RELEASE/spring-context-4.0.0.RELEASE.jar:/home/stepan/.m2/repository/org/springframework/spring-context-support/4.0.0.RELEASE/spring-context-support-4.0.0.RELEASE.jar:/home/stepan/.m2/repository/org/springframework/spring-core/4.0.0.RELEASE/spring-core-4.0.0.RELEASE.jar:/home/stepan/.m2/repository/org/springframework/spring-expression/4.0.0.RELEASE/spring-expression-4.0.0.RELEASE.jar:/home/stepan/.m2/repository/org/springframework/spring-jdbc/4.0.0.RELEASE/spring-jdbc-4.0.0.RELEASE.jar:/home/stepan/.m2/repository/org/springframework/spring-jdbc/4.0.0.RELEASE/spring-jdbc-4.0.0.RELEASE.jar:/home/stepan/.m2/repository/org/springframework/spring-orm/4.0.0.RELEASE/spring-orm-4.0.0.RELEASE.jar:/home/stepan/.m2/repository/org/springframework/spring-orm/4.0.0.RELEASE/spring-orm-4.0.0.RELEASE.jar:/home/stepan/.m2/repository/org/springframework/spring-test/4.0.0.RELEASE/spring-test-4.0.0.RELEASE.jar:/home/stepan/.m2/repository/org/springframework/spring-tx/4.0.0.RELEASE/spring-tx-4.0.0.RELEASE.jar:/home/stepan/.m2/repository/org/springframework/spring-web/4.0.0.RELEASE/spring-web-4.0.0.RELEASE.jar:/home/stepan/.m2/repository/org/springframework/spring-web/4.0.0.RELEASE/spring-web-4.0.0.RELEASE.jar:/home/stepan/.m2/repository/org/springframework/spring-webmvc/4.0.0.RELEASE/spring-webmvc-4.0.0.RELEASE.jar:/home/stepan/.m2/repository/org/springframework/spring-webmvc/4.0.0.RELEASE/spring-webmvc-4.0.0.RELEASE.jar:/home/stepan/.m2/repository/org/springframework/roo/org.springframework.roo.annotations/1.1.5.RELEASE/org.springframework.roo.annotations-1.1.5.RELEASE.jar:/home/stepan/.m2/repository/org/springframework/security/spring-security-acl/3.2.0.RELEASE/spring-security-acl-3.2.0.RELEASE.jar:/home/stepan/.m2/repository/org/springframework/security/spring-security-config/3.2.0.RELEASE/spring-security-config-3.2.0.RELEASE.jar:/home/stepan/.m2/repository/org/springframework/security/spring-security-core/3.2.0.RELEASE/spring-security-core-3.2.0.RELEASE.jar:/home/stepan/.m2/repository/org/springframework/security/spring-security-taglibs/3.2.0.RELEASE/spring-security-taglibs-3.2.0.RELEASE.jar:/home/stepan/.m2/repository/org/springframework/security/spring-security-web/3.2.0.RELEASE/spring-security-web-3.2.0.RELEASE.jar:/home/stepan/.m2/repository/org/springframework/webflow/spring-js-resources/2.2.1.RELEASE/spring-js-resources-2.2.1.RELEASE.jar:/home/stepan/.m2/repository/org/springframework/webflow/spring-js-resources/2.2.1.RELEASE/spring-js-resources-2.2.1.RELEASE.jar:/home/stepan/.m2/repository/postgresql/postgresql/9.1-901-1.jdbc4/postgresql-9.1-901-1.jdbc4.jar:/home/stepan/.m2/repository/postgresql/postgresql/9.1-901-1.jdbc4/postgresql-9.1-901-1.jdbc4.jar:/home/stepan/.m2/repository/rhino/js/1.7R2/js-1.7R2.jar:/home/stepan/workspace/UniversalBookingSystem/target/classes
-aspectpath
/home/stepan/.m2/repository/org/springframework/spring-aspects/4.0.0.RELEASE/spring-aspects-4.0.0.RELEASE.jar
-d
/home/stepan/workspace/UniversalBookingSystem/target/classes
/home/stepan/workspace/UniversalBookingSystem/src/main/java/cz/cvut/fit/ortstepa/universalbookingsystem/dao/hbn/HbnRuleDao.java
/home/stepan/workspace/UniversalBookingSystem/src/main/java/cz/cvut/fit/ortstepa/universalbookingsystem/web/ResourceController.java
/home/stepan/workspace/UniversalBookingSystem/src/main/java/cz/cvut/fit/ortstepa/universalbookingsystem/dao/ResourceDao.java
/home/stepan/workspace/UniversalBookingSystem/src/main/java/cz/cvut/fit/ortstepa/universalbookingsystem/domain/Rule.java
/home/stepan/workspace/UniversalBookingSystem/src/main/java/cz/cvut/fit/ortstepa/universalbookingsystem/helper/GoogleAuthHelper.java
/home/stepan/workspace/UniversalBookingSystem/src/main/java/cz/cvut/fit/ortstepa/universalbookingsystem/service/ScheduleService.java
/home/stepan/workspace/UniversalBookingSystem/src/main/java/cz/cvut/fit/ortstepa/universalbookingsystem/service/GoogleDataStore.java
/home/stepan/workspace/UniversalBookingSystem/src/main/java/cz/cvut/fit/ortstepa/universalbookingsystem/dao/RoleDao.java
/home/stepan/workspace/UniversalBookingSystem/src/main/java/cz/cvut/fit/ortstepa/universalbookingsystem/service/ResourcePropertyService.java
/home/stepan/workspace/UniversalBookingSystem/src/main/java/cz/cvut/fit/ortstepa/universalbookingsystem/domain/helper/Action.java
/home/stepan/workspace/UniversalBookingSystem/src/main/java/cz/cvut/fit/ortstepa/universalbookingsystem/dao/jdbc/JdbcUserDetailsDao.java
/home/stepan/workspace/UniversalBookingSystem/src/main/java/cz/cvut/fit/ortstepa/universalbookingsystem/dao/ReservationDao.java
/home/stepan/workspace/UniversalBookingSystem/src/main/java/cz/cvut/fit/ortstepa/universalbookingsystem/helper/PriceEngine.java
/home/stepan/workspace/UniversalBookingSystem/src/main/java/cz/cvut/fit/ortstepa/universalbookingsystem/web/formatter/PriceChangeFormatter.java
/home/stepan/workspace/UniversalBookingSystem/src/main/java/cz/cvut/fit/ortstepa/universalbookingsystem/domain/Schedule.java
/home/stepan/workspace/UniversalBookingSystem/src/main/java/cz/cvut/fit/ortstepa/universalbookingsystem/domain/Resource.java
/home/stepan/workspace/UniversalBookingSystem/src/main/java/cz/cvut/fit/ortstepa/universalbookingsystem/domain/helper/PriceChangeType.java
/home/stepan/workspace/UniversalBookingSystem/src/main/java/cz/cvut/fit/ortstepa/universalbookingsystem/domain/ResourceProperty.java
/home/stepan/workspace/UniversalBookingSystem/src/main/java/cz/cvut/fit/ortstepa/universalbookingsystem/dao/PriceChangeDao.java
/home/stepan/workspace/UniversalBookingSystem/src/main/java/cz/cvut/fit/ortstepa/universalbookingsystem/dao/UserDetailsDao.java
/home/stepan/workspace/UniversalBookingSystem/src/main/java/cz/cvut/fit/ortstepa/universalbookingsystem/helper/LogicEngine.java
/home/stepan/workspace/UniversalBookingSystem/src/main/java/cz/cvut/fit/ortstepa/universalbookingsystem/dao/hbn/HbnScheduleDao.java
/home/stepan/workspace/UniversalBookingSystem/src/main/java/cz/cvut/fit/ortstepa/universalbookingsystem/dao/hbn/AbstractHbnDao.java
/home/stepan/workspace/UniversalBookingSystem/src/main/java/cz/cvut/fit/ortstepa/universalbookingsystem/service/AccountService.java
/home/stepan/workspace/UniversalBookingSystem/src/main/java/cz/cvut/fit/ortstepa/universalbookingsystem/web/form/AccountForm.java
/home/stepan/workspace/UniversalBookingSystem/src/main/java/cz/cvut/fit/ortstepa/universalbookingsystem/service/StoredCredentialDataStoreFactory.java
/home/stepan/workspace/UniversalBookingSystem/src/main/java/cz/cvut/fit/ortstepa/universalbookingsystem/web/PriceChangeController.java
/home/stepan/workspace/UniversalBookingSystem/src/main/java/cz/cvut/fit/ortstepa/universalbookingsystem/domain/ResourcePropertyValue.java
/home/stepan/workspace/UniversalBookingSystem/src/main/java/cz/cvut/fit/ortstepa/universalbookingsystem/service/ResourceService.java
/home/stepan/workspace/UniversalBookingSystem/src/main/java/cz/cvut/fit/ortstepa/universalbookingsystem/domain/Role.java
/home/stepan/workspace/UniversalBookingSystem/src/main/java/cz/cvut/fit/ortstepa/universalbookingsystem/domain/Permission.java
/home/stepan/workspace/UniversalBookingSystem/src/main/java/cz/cvut/fit/ortstepa/universalbookingsystem/dao/hbn/HbnResourceDao.java
/home/stepan/workspace/UniversalBookingSystem/src/main/java/cz/cvut/fit/ortstepa/universalbookingsystem/helper/GooglePlusHelper.java
/home/stepan/workspace/UniversalBookingSystem/src/main/java/cz/cvut/fit/ortstepa/universalbookingsystem/dao/hbn/HbnResourcePropertyDao.java
/home/stepan/workspace/UniversalBookingSystem/src/main/java/cz/cvut/fit/ortstepa/universalbookingsystem/web/form/TopupForm.java
/home/stepan/workspace/UniversalBookingSystem/src/main/java/cz/cvut/fit/ortstepa/universalbookingsystem/domain/helper/Status.java
/home/stepan/workspace/UniversalBookingSystem/src/main/java/cz/cvut/fit/ortstepa/universalbookingsystem/dao/RuleDao.java
/home/stepan/workspace/UniversalBookingSystem/src/main/java/cz/cvut/fit/ortstepa/universalbookingsystem/dao/ScheduleDao.java
/home/stepan/workspace/UniversalBookingSystem/src/main/java/cz/cvut/fit/ortstepa/universalbookingsystem/domain/Account.java
/home/stepan/workspace/UniversalBookingSystem/src/main/java/cz/cvut/fit/ortstepa/universalbookingsystem/helper/TimeLimitedContextFactory.java
/home/stepan/workspace/UniversalBookingSystem/src/main/java/cz/cvut/fit/ortstepa/universalbookingsystem/web/ScheduleController.java
/home/stepan/workspace/UniversalBookingSystem/src/main/java/cz/cvut/fit/ortstepa/universalbookingsystem/domain/PriceChange.java
/home/stepan/workspace/UniversalBookingSystem/src/main/java/cz/cvut/fit/ortstepa/universalbookingsystem/domain/UserDetailsAdapter.java
/home/stepan/workspace/UniversalBookingSystem/src/main/java/cz/cvut/fit/ortstepa/universalbookingsystem/domain/Reservation.java
/home/stepan/workspace/UniversalBookingSystem/src/main/java/cz/cvut/fit/ortstepa/universalbookingsystem/dao/Dao.java
/home/stepan/workspace/UniversalBookingSystem/src/main/java/cz/cvut/fit/ortstepa/universalbookingsystem/web/ReservationController.java
/home/stepan/workspace/UniversalBookingSystem/src/main/java/cz/cvut/fit/ortstepa/universalbookingsystem/service/UserDetailsServiceAdapter.java
/home/stepan/workspace/UniversalBookingSystem/src/main/java/cz/cvut/fit/ortstepa/universalbookingsystem/web/AccountController.java
/home/stepan/workspace/UniversalBookingSystem/src/main/java/cz/cvut/fit/ortstepa/universalbookingsystem/web/RuleController.java
/home/stepan/workspace/UniversalBookingSystem/src/main/java/cz/cvut/fit/ortstepa/universalbookingsystem/service/ReservationService.java
/home/stepan/workspace/UniversalBookingSystem/src/main/java/cz/cvut/fit/ortstepa/universalbookingsystem/domain/helper/PropertyType.java
/home/stepan/workspace/UniversalBookingSystem/src/main/java/cz/cvut/fit/ortstepa/universalbookingsystem/web/form/RegistrationForm.java
/home/stepan/workspace/UniversalBookingSystem/src/main/java/cz/cvut/fit/ortstepa/universalbookingsystem/service/GoogleDataStoreFactory.java
/home/stepan/workspace/UniversalBookingSystem/src/main/java/cz/cvut/fit/ortstepa/universalbookingsystem/helper/DumpToString.java
/home/stepan/workspace/UniversalBookingSystem/src/main/java/cz/cvut/fit/ortstepa/universalbookingsystem/service/PriceChangeService.java
/home/stepan/workspace/UniversalBookingSystem/src/main/java/cz/cvut/fit/ortstepa/universalbookingsystem/helper/GoogleCalendarHelper.java
/home/stepan/workspace/UniversalBookingSystem/src/main/java/cz/cvut/fit/ortstepa/universalbookingsystem/web/ResourcePropertyController.java
/home/stepan/workspace/UniversalBookingSystem/src/main/java/cz/cvut/fit/ortstepa/universalbookingsystem/service/RuleService.java
/home/stepan/workspace/UniversalBookingSystem/src/main/java/cz/cvut/fit/ortstepa/universalbookingsystem/dao/hbn/HbnPriceChangeDao.java
/home/stepan/workspace/UniversalBookingSystem/src/main/java/cz/cvut/fit/ortstepa/universalbookingsystem/web/form/PasswordChangeForm.java
/home/stepan/workspace/UniversalBookingSystem/src/main/java/cz/cvut/fit/ortstepa/universalbookingsystem/dao/ResourcePropertyDao.java
/home/stepan/workspace/UniversalBookingSystem/src/main/java/cz/cvut/fit/ortstepa/universalbookingsystem/dao/hbn/HbnRoleDao.java
/home/stepan/workspace/UniversalBookingSystem/src/main/java/cz/cvut/fit/ortstepa/universalbookingsystem/dao/AccountDao.java
/home/stepan/workspace/UniversalBookingSystem/src/main/java/cz/cvut/fit/ortstepa/universalbookingsystem/dao/hbn/HbnReservationDao.java
/home/stepan/workspace/UniversalBookingSystem/src/main/java/cz/cvut/fit/ortstepa/universalbookingsystem/dao/hbn/HbnAccountDao.java
